[2022-05-26 02:00:50] Executing startup tasks
[2022-05-26 02:00:50] Java(TM) SE Runtime Environment 18+36-2087
[2022-05-26 02:00:50] Product self.product.version
[2022-05-26 02:00:50] Workspace /Users/gris/eclipse-workspace/runtime-EclipseXtext
[2022-05-26 02:00:50] Bundle org.eclipse.oomph.setup 1.18.0.v20200820-0414, build=4919, branch=f78238ba11ce04fb6bb89f0cb98f4dd759377d1d
[2022-05-26 02:00:50] Bundle org.eclipse.oomph.setup.core 1.18.0.v20200624-1156, build=4919, branch=f78238ba11ce04fb6bb89f0cb98f4dd759377d1d
[2022-05-26 02:00:50] Bundle org.eclipse.oomph.setup.p2 1.16.0.v20200814-1205, build=4919, branch=f78238ba11ce04fb6bb89f0cb98f4dd759377d1d
[2022-05-26 02:00:50] Performing Preference /instance/org.eclipse.e4.ui.css.swt.theme/themeid = org.eclipse.e4.ui.css.theme.e4_classic
[2022-05-26 02:00:50] Performing Preference /instance/org.eclipse.ui.workbench/ColorsAndFontsPreferencePage.expandedCategories = Torg.eclipse.debug.ui.presentation...
[2022-05-26 02:00:50] Performing Preference /instance/org.eclipse.ui.workbench/ColorsAndFontsPreferencePage.selectedElement = Torg.eclipse.ui.workbenchMisc
[2022-05-26 02:00:50] Performing Preference /instance/org.eclipse.ui.workbench/org.eclipse.ui.r30.ACTIVE_HYPERLINK_COLOR = 46,109,179
[2022-05-26 02:00:50] Performing Preference /instance/org.eclipse.ui.workbench/org.eclipse.ui.r30.CONFLICTING_COLOR = 255,0,0
[2022-05-26 02:00:50] Performing Preference /instance/org.eclipse.ui.workbench/org.eclipse.ui.r30.CONTENT_ASSIST_BACKGROUND_COLOR = 30,30,30
[2022-05-26 02:00:50] Performing Preference /instance/org.eclipse.ui.workbench/org.eclipse.ui.r30.CONTENT_ASSIST_FOREGROUND_COLOR = 255,255,255
[2022-05-26 02:00:50] Performing Preference /instance/org.eclipse.ui.workbench/org.eclipse.ui.r30.ERROR_COLOR = 255,0,0
[2022-05-26 02:00:50] Performing Preference /instance/org.eclipse.ui.workbench/org.eclipse.ui.r30.HYPERLINK_COLOR = 65,156,255
[2022-05-26 02:00:50] Performing Preference /instance/org.eclipse.ui.workbench/org.eclipse.ui.r30.INCOMING_COLOR = 0,0,255
[2022-05-26 02:00:50] Performing Preference /instance/org.eclipse.ui.workbench/org.eclipse.ui.r30.org.eclipse.egit.ui.DiffAddBackgroundColor = 221,255,221
[2022-05-26 02:00:50] Performing Preference /instance/org.eclipse.ui.workbench/org.eclipse.ui.r30.org.eclipse.egit.ui.DiffAddForegroundColor = 0,0,0
[2022-05-26 02:00:50] Performing Preference /instance/org.eclipse.ui.workbench/org.eclipse.ui.r30.org.eclipse.egit.ui.DiffHeadlineBackgroundColor = 170,170,170
[2022-05-26 02:00:50] Performing Preference /instance/org.eclipse.ui.workbench/org.eclipse.ui.r30.org.eclipse.egit.ui.DiffHeadlineForegroundColor = 0,0,0
[2022-05-26 02:00:50] Performing Preference /instance/org.eclipse.ui.workbench/org.eclipse.ui.r30.org.eclipse.egit.ui.DiffHunkBackgroundColor = 234,242,245
[2022-05-26 02:00:50] Performing Preference /instance/org.eclipse.ui.workbench/org.eclipse.ui.r30.org.eclipse.egit.ui.DiffHunkForegroundColor = 153,153,153
[2022-05-26 02:00:50] Performing Preference /instance/org.eclipse.ui.workbench/org.eclipse.ui.r30.org.eclipse.egit.ui.DiffRemoveBackgroundColor = 255,221,221
[2022-05-26 02:00:50] Performing Preference /instance/org.eclipse.ui.workbench/org.eclipse.ui.r30.org.eclipse.egit.ui.DiffRemoveForegroundColor = 0,0,0
[2022-05-26 02:00:50] Performing Preference /instance/org.eclipse.ui.workbench/org.eclipse.ui.r30.org.eclipse.egit.ui.IgnoredResourceBackgroundColor = 30,30,30
[2022-05-26 02:00:50] Performing Preference /instance/org.eclipse.ui.workbench/org.eclipse.ui.r30.org.eclipse.egit.ui.IgnoredResourceForegroundColor = 255,255,255
[2022-05-26 02:00:50] Performing Preference /instance/org.eclipse.ui.workbench/org.eclipse.ui.r30.org.eclipse.egit.ui.UncommittedChangeBackgroundColor = 30,30,30
[2022-05-26 02:00:50] Performing Preference /instance/org.eclipse.ui.workbench/org.eclipse.ui.r30.org.eclipse.egit.ui.UncommittedChangeForegroundColor = 255,255,255
[2022-05-26 02:00:50] Performing Preference /instance/org.eclipse.ui.workbench/org.eclipse.ui.r30.org.eclipse.jdt.ui.ColoredLabels.inherited = 0,0,128
[2022-05-26 02:00:50] Performing Preference /instance/org.eclipse.ui.workbench/org.eclipse.ui.r30.org.eclipse.jdt.ui.ColoredLabels.writeaccess_highlight = 240,216,168
[2022-05-26 02:00:50] Performing Preference /instance/org.eclipse.ui.workbench/org.eclipse.ui.r30.org.eclipse.jdt.ui.Javadoc.foregroundColor = 0,0,0
[2022-05-26 02:00:50] Performing Preference /instance/org.eclipse.ui.workbench/org.eclipse.ui.r30.org.eclipse.jface.REVISION_NEWEST_COLOR = 199,134,57
[2022-05-26 02:00:50] Performing Preference /instance/org.eclipse.ui.workbench/org.eclipse.ui.r30.org.eclipse.jface.REVISION_OLDEST_COLOR = 241,225,206
[2022-05-26 02:00:50] Performing Preference /instance/org.eclipse.ui.workbench/org.eclipse.ui.r30.org.eclipse.mylyn.tasks.ui.colors.category.gradient.end = 220,220,220
[2022-05-26 02:00:50] Performing Preference /instance/org.eclipse.ui.workbench/org.eclipse.ui.r30.org.eclipse.mylyn.tasks.ui.colors.category.gradient.start = 240,240,240
[2022-05-26 02:00:50] Performing Preference /instance/org.eclipse.ui.workbench/org.eclipse.ui.r30.org.eclipse.mylyn.tasks.ui.colors.foreground.past.scheduled = 32,21,223
[2022-05-26 02:00:50] Performing Preference /instance/org.eclipse.ui.workbench/org.eclipse.ui.r30.org.eclipse.mylyn.tasks.ui.colors.foreground.task.active = 36,22,50
[2022-05-26 02:00:51] Performing Preference /instance/org.eclipse.ui.workbench/org.eclipse.ui.r30.org.eclipse.mylyn.tasks.ui.colors.foreground.thisweek.scheduled = 0,0,0
[2022-05-26 02:00:51] Performing Preference /instance/org.eclipse.ui.workbench/org.eclipse.ui.r30.org.eclipse.mylyn.tasks.ui.colors.foreground.today.scheduled = 32,21,223
[2022-05-26 02:00:51] Performing Preference /instance/org.eclipse.ui.workbench/org.eclipse.ui.r30.org.eclipse.pde.genericeditor.extension.editor.color.attribute = 128,0,0
[2022-05-26 02:00:51] Performing Preference /instance/org.eclipse.ui.workbench/org.eclipse.ui.r30.org.eclipse.pde.genericeditor.extension.editor.color.comment = 0,128,0
[2022-05-26 02:00:51] Performing Preference /instance/org.eclipse.ui.workbench/org.eclipse.ui.r30.org.eclipse.pde.genericeditor.extension.editor.color.header = 192,192,192
[2022-05-26 02:00:51] Performing Preference /instance/org.eclipse.ui.workbench/org.eclipse.ui.r30.org.eclipse.pde.genericeditor.extension.editor.color.quote = 0,0,255
[2022-05-26 02:00:51] Performing Preference /instance/org.eclipse.ui.workbench/org.eclipse.ui.r30.org.eclipse.pde.genericeditor.extension.editor.color.tag = 0,128,128
[2022-05-26 02:00:51] Performing Preference /instance/org.eclipse.ui.workbench/org.eclipse.ui.r30.org.eclipse.pde.genericeditor.extension.editor.color.text = 0,128,0
[2022-05-26 02:00:51] Performing Preference /instance/org.eclipse.ui.workbench/org.eclipse.ui.r30.org.eclipse.search.ui.match.highlight = 206,204,247
[2022-05-26 02:00:51] Performing Preference /instance/org.eclipse.ui.workbench/org.eclipse.ui.r30.org.eclipse.ui.editors.rangeIndicatorColor = 63,99,139
[2022-05-26 02:00:51] Performing Preference /instance/org.eclipse.ui.workbench/org.eclipse.ui.r30.org.eclipse.ui.workbench.HOVER_BACKGROUND = 236,235,236
[2022-05-26 02:00:51] Performing Preference /instance/org.eclipse.ui.workbench/org.eclipse.ui.r30.org.eclipse.ui.workbench.HOVER_FOREGROUND = 0,0,0
[2022-05-26 02:00:51] Performing Preference /instance/org.eclipse.ui.workbench/org.eclipse.ui.r30.org.eclipse.ui.workbench.INFORMATION_BACKGROUND = 236,235,236
[2022-05-26 02:00:51] Performing Preference /instance/org.eclipse.ui.workbench/org.eclipse.ui.r30.org.eclipse.ui.workbench.INFORMATION_FOREGROUND = 0,0,0
[2022-05-26 02:00:51] Performing Preference /instance/org.eclipse.ui.workbench/org.eclipse.ui.r30.OUTGOING_COLOR = 0,0,0
[2022-05-26 02:00:51] Performing Preference /instance/org.eclipse.ui.workbench/org.eclipse.ui.r30.RESOLVED_COLOR = 0,255,0
[2022-05-26 02:00:51] Performing Preference /instance/org.eclipse.ui.workbench/org.eclipse.ui.workbench.ACTIVE_NOFOCUS_TAB_BG_END = 70,70,70
[2022-05-26 02:00:51] Performing Preference /instance/org.eclipse.ui.workbench/org.eclipse.ui.workbench.ACTIVE_NOFOCUS_TAB_BG_START = 144,144,144
[2022-05-26 02:00:51] Performing Preference /instance/org.eclipse.ui.workbench/org.eclipse.ui.workbench.ACTIVE_NOFOCUS_TAB_TEXT_COLOR = 255,255,255
[2022-05-26 02:00:51] Performing Preference /instance/org.eclipse.ui.workbench/org.eclipse.ui.workbench.ACTIVE_TAB_BG_END = 153,188,236
[2022-05-26 02:00:51] Performing Preference /instance/org.eclipse.ui.workbench/org.eclipse.ui.workbench.ACTIVE_TAB_BG_START = 229,238,250
[2022-05-26 02:00:51] Performing Preference /instance/org.eclipse.ui.workbench/org.eclipse.ui.workbench.INACTIVE_TAB_BG_END = 50,50,50
[2022-05-26 02:00:51] Performing Preference /instance/org.eclipse.ui.workbench/org.eclipse.ui.workbench.INACTIVE_TAB_BG_START = 50,50,50
[2022-05-26 02:00:51] 
[2022-05-26 02:03:25] Executing startup tasks
[2022-05-26 02:03:26] Java(TM) SE Runtime Environment 18+36-2087
[2022-05-26 02:03:26] Product self.product.version
[2022-05-26 02:03:26] Workspace /Users/gris/eclipse-workspace/runtime-EclipseXtext
[2022-05-26 02:03:26] Bundle org.eclipse.oomph.setup 1.18.0.v20200820-0414, build=4919, branch=f78238ba11ce04fb6bb89f0cb98f4dd759377d1d
[2022-05-26 02:03:26] Bundle org.eclipse.oomph.setup.core 1.18.0.v20200624-1156, build=4919, branch=f78238ba11ce04fb6bb89f0cb98f4dd759377d1d
[2022-05-26 02:03:26] Bundle org.eclipse.oomph.setup.p2 1.16.0.v20200814-1205, build=4919, branch=f78238ba11ce04fb6bb89f0cb98f4dd759377d1d
[2022-05-26 02:03:26] Performing Preference /instance/org.eclipse.ui.workbench/ColorsAndFontsPreferencePage.expandedCategories = Torg.eclipse.debug.ui.presentation...
[2022-05-26 02:03:26] Performing Preference /instance/org.eclipse.ui.workbench/ColorsAndFontsPreferencePage.selectedElement = Torg.eclipse.ui.workbenchMisc
[2022-05-26 02:03:26] 
[2022-05-26 02:04:32] Executing startup tasks
[2022-05-26 02:04:32] Java(TM) SE Runtime Environment 18+36-2087
[2022-05-26 02:04:32] Product self.product.version
[2022-05-26 02:04:32] Workspace /Users/gris/eclipse-workspace/runtime-EclipseXtext
[2022-05-26 02:04:32] Bundle org.eclipse.oomph.setup 1.18.0.v20200820-0414, build=4919, branch=f78238ba11ce04fb6bb89f0cb98f4dd759377d1d
[2022-05-26 02:04:32] Bundle org.eclipse.oomph.setup.core 1.18.0.v20200624-1156, build=4919, branch=f78238ba11ce04fb6bb89f0cb98f4dd759377d1d
[2022-05-26 02:04:32] Bundle org.eclipse.oomph.setup.p2 1.16.0.v20200814-1205, build=4919, branch=f78238ba11ce04fb6bb89f0cb98f4dd759377d1d
[2022-05-26 02:04:32] Performing Preference /instance/org.eclipse.e4.ui.css.swt.theme/themeid = org.eclipse.e4.ui.css.theme.e4_classic
[2022-05-26 02:04:32] Performing Preference /instance/org.eclipse.ui/CURRENT_THEME_ID = org.eclipse.ui.defaultTheme
[2022-05-26 02:04:32] Performing Preference /instance/org.eclipse.ui.workbench/ACTIVE_HYPERLINK_COLOR = 46,109,179
[2022-05-26 02:04:32] Performing Preference /instance/org.eclipse.ui.workbench/CONFLICTING_COLOR = 255,0,0
[2022-05-26 02:04:32] Performing Preference /instance/org.eclipse.ui.workbench/CONTENT_ASSIST_BACKGROUND_COLOR = 30,30,30
[2022-05-26 02:04:32] Performing Preference /instance/org.eclipse.ui.workbench/CONTENT_ASSIST_FOREGROUND_COLOR = 255,255,255
[2022-05-26 02:04:32] Performing Preference /instance/org.eclipse.ui.workbench/ERROR_COLOR = 255,0,0
[2022-05-26 02:04:32] Performing Preference /instance/org.eclipse.ui.workbench/HYPERLINK_COLOR = 65,156,255
[2022-05-26 02:04:32] Performing Preference /instance/org.eclipse.ui.workbench/INCOMING_COLOR = 0,0,255
[2022-05-26 02:04:32] Performing Preference /instance/org.eclipse.ui.workbench/org.eclipse.egit.ui.DiffAddBackgroundColor = 221,255,221
[2022-05-26 02:04:32] Performing Preference /instance/org.eclipse.ui.workbench/org.eclipse.egit.ui.DiffAddForegroundColor = 0,0,0
[2022-05-26 02:04:32] Performing Preference /instance/org.eclipse.ui.workbench/org.eclipse.egit.ui.DiffHeadlineBackgroundColor = 170,170,170
[2022-05-26 02:04:32] Performing Preference /instance/org.eclipse.ui.workbench/org.eclipse.egit.ui.DiffHeadlineForegroundColor = 0,0,0
[2022-05-26 02:04:32] Performing Preference /instance/org.eclipse.ui.workbench/org.eclipse.egit.ui.DiffHunkBackgroundColor = 234,242,245
[2022-05-26 02:04:32] Performing Preference /instance/org.eclipse.ui.workbench/org.eclipse.egit.ui.DiffHunkForegroundColor = 153,153,153
[2022-05-26 02:04:32] Performing Preference /instance/org.eclipse.ui.workbench/org.eclipse.egit.ui.DiffRemoveBackgroundColor = 255,221,221
[2022-05-26 02:04:32] Performing Preference /instance/org.eclipse.ui.workbench/org.eclipse.egit.ui.DiffRemoveForegroundColor = 0,0,0
[2022-05-26 02:04:32] Performing Preference /instance/org.eclipse.ui.workbench/org.eclipse.egit.ui.IgnoredResourceBackgroundColor = 30,30,30
[2022-05-26 02:04:32] Performing Preference /instance/org.eclipse.ui.workbench/org.eclipse.egit.ui.IgnoredResourceForegroundColor = 255,255,255
[2022-05-26 02:04:32] Performing Preference /instance/org.eclipse.ui.workbench/org.eclipse.egit.ui.UncommittedChangeBackgroundColor = 30,30,30
[2022-05-26 02:04:32] Performing Preference /instance/org.eclipse.ui.workbench/org.eclipse.egit.ui.UncommittedChangeForegroundColor = 255,255,255
[2022-05-26 02:04:32] Performing Preference /instance/org.eclipse.ui.workbench/org.eclipse.jdt.ui.ColoredLabels.inherited = 0,0,128
[2022-05-26 02:04:32] Performing Preference /instance/org.eclipse.ui.workbench/org.eclipse.jdt.ui.ColoredLabels.writeaccess_highlight = 240,216,168
[2022-05-26 02:04:32] Performing Preference /instance/org.eclipse.ui.workbench/org.eclipse.jdt.ui.Javadoc.backgroundColor = 236,235,236
[2022-05-26 02:04:32] Performing Preference /instance/org.eclipse.ui.workbench/org.eclipse.jdt.ui.Javadoc.foregroundColor = 0,0,0
[2022-05-26 02:04:32] Performing Preference /instance/org.eclipse.ui.workbench/org.eclipse.jface.REVISION_NEWEST_COLOR = 199,134,57
[2022-05-26 02:04:32] Performing Preference /instance/org.eclipse.ui.workbench/org.eclipse.jface.REVISION_OLDEST_COLOR = 241,225,206
[2022-05-26 02:04:32] Performing Preference /instance/org.eclipse.ui.workbench/org.eclipse.mylyn.tasks.ui.colors.category.gradient.end = 220,220,220
[2022-05-26 02:04:32] Performing Preference /instance/org.eclipse.ui.workbench/org.eclipse.mylyn.tasks.ui.colors.category.gradient.start = 240,240,240
[2022-05-26 02:04:32] Performing Preference /instance/org.eclipse.ui.workbench/org.eclipse.mylyn.tasks.ui.colors.foreground.past.scheduled = 32,21,223
[2022-05-26 02:04:32] Performing Preference /instance/org.eclipse.ui.workbench/org.eclipse.mylyn.tasks.ui.colors.foreground.task.active = 36,22,50
[2022-05-26 02:04:32] Performing Preference /instance/org.eclipse.ui.workbench/org.eclipse.mylyn.tasks.ui.colors.foreground.thisweek.scheduled = 0,0,0
[2022-05-26 02:04:32] Performing Preference /instance/org.eclipse.ui.workbench/org.eclipse.mylyn.tasks.ui.colors.foreground.today.scheduled = 32,21,223
[2022-05-26 02:04:32] Performing Preference /instance/org.eclipse.ui.workbench/org.eclipse.pde.genericeditor.extension.editor.color.attribute = 128,0,0
[2022-05-26 02:04:32] Performing Preference /instance/org.eclipse.ui.workbench/org.eclipse.pde.genericeditor.extension.editor.color.comment = 0,128,0
[2022-05-26 02:04:32] Performing Preference /instance/org.eclipse.ui.workbench/org.eclipse.pde.genericeditor.extension.editor.color.header = 192,192,192
[2022-05-26 02:04:32] Performing Preference /instance/org.eclipse.ui.workbench/org.eclipse.pde.genericeditor.extension.editor.color.quote = 0,0,255
[2022-05-26 02:04:32] Performing Preference /instance/org.eclipse.ui.workbench/org.eclipse.pde.genericeditor.extension.editor.color.tag = 0,128,128
[2022-05-26 02:04:32] Performing Preference /instance/org.eclipse.ui.workbench/org.eclipse.pde.genericeditor.extension.editor.color.text = 0,128,0
[2022-05-26 02:04:32] Performing Preference /instance/org.eclipse.ui.workbench/org.eclipse.search.ui.match.highlight = 206,204,247
[2022-05-26 02:04:32] Performing Preference /instance/org.eclipse.ui.workbench/org.eclipse.ui.editors.rangeIndicatorColor = 63,99,139
[2022-05-26 02:04:32] Performing Preference /instance/org.eclipse.ui.workbench/org.eclipse.ui.r30.org.eclipse.ui.workbench.ACTIVE_NOFOCUS_TAB_BG_END = 41,41,41
[2022-05-26 02:04:32] Performing Preference /instance/org.eclipse.ui.workbench/org.eclipse.ui.r30.org.eclipse.ui.workbench.ACTIVE_NOFOCUS_TAB_BG_START = 43,44,45
[2022-05-26 02:04:32] Performing Preference /instance/org.eclipse.ui.workbench/org.eclipse.ui.r30.org.eclipse.ui.workbench.ACTIVE_NOFOCUS_TAB_TEXT_COLOR = 204,204,204
[2022-05-26 02:04:32] Performing Preference /instance/org.eclipse.ui.workbench/org.eclipse.ui.r30.org.eclipse.ui.workbench.ACTIVE_TAB_BG_END = 41,41,41
[2022-05-26 02:04:32] Performing Preference /instance/org.eclipse.ui.workbench/org.eclipse.ui.r30.org.eclipse.ui.workbench.ACTIVE_TAB_BG_START = 43,44,45
[2022-05-26 02:04:32] Performing Preference /instance/org.eclipse.ui.workbench/org.eclipse.ui.r30.org.eclipse.ui.workbench.ACTIVE_TAB_INNER_KEYLINE_COLOR = 75,76,79
[2022-05-26 02:04:32] Performing Preference /instance/org.eclipse.ui.workbench/org.eclipse.ui.r30.org.eclipse.ui.workbench.ACTIVE_TAB_OUTER_KEYLINE_COLOR = 75,76,79
[2022-05-26 02:04:32] Performing Preference /instance/org.eclipse.ui.workbench/org.eclipse.ui.r30.org.eclipse.ui.workbench.ACTIVE_TAB_OUTLINE_COLOR = 75,76,79
[2022-05-26 02:04:32] Performing Preference /instance/org.eclipse.ui.workbench/org.eclipse.ui.r30.org.eclipse.ui.workbench.ACTIVE_UNSELECTED_TABS_COLOR_END = 64,64,67
[2022-05-26 02:04:32] Performing Preference /instance/org.eclipse.ui.workbench/org.eclipse.ui.r30.org.eclipse.ui.workbench.ACTIVE_UNSELECTED_TABS_COLOR_START = 73,74,77
[2022-05-26 02:04:32] Performing Preference /instance/org.eclipse.ui.workbench/org.eclipse.ui.r30.org.eclipse.ui.workbench.INACTIVE_TAB_BG_END = 49,53,56
[2022-05-26 02:04:32] Performing Preference /instance/org.eclipse.ui.workbench/org.eclipse.ui.r30.org.eclipse.ui.workbench.INACTIVE_TAB_BG_START = 59,64,66
[2022-05-26 02:04:32] Performing Preference /instance/org.eclipse.ui.workbench/org.eclipse.ui.r30.org.eclipse.ui.workbench.INACTIVE_TAB_INNER_KEYLINE_COLOR = 81,86,88
[2022-05-26 02:04:32] Performing Preference /instance/org.eclipse.ui.workbench/org.eclipse.ui.r30.org.eclipse.ui.workbench.INACTIVE_TAB_OUTER_KEYLINE_COLOR = 81,86,88
[2022-05-26 02:04:32] Performing Preference /instance/org.eclipse.ui.workbench/org.eclipse.ui.r30.org.eclipse.ui.workbench.INACTIVE_TAB_OUTLINE_COLOR = 59,64,66
[2022-05-26 02:04:32] Performing Preference /instance/org.eclipse.ui.workbench/org.eclipse.ui.r30.org.eclipse.ui.workbench.INACTIVE_TAB_TEXT_COLOR = 187,187,187
[2022-05-26 02:04:32] Performing Preference /instance/org.eclipse.ui.workbench/org.eclipse.ui.r30.org.eclipse.ui.workbench.INACTIVE_UNSELECTED_TABS_COLOR_END = 70,70,73
[2022-05-26 02:04:33] Performing Preference /instance/org.eclipse.ui.workbench/org.eclipse.ui.r30.org.eclipse.ui.workbench.INACTIVE_UNSELECTED_TABS_COLOR_START = 81,86,88
[2022-05-26 02:04:33] Performing Preference /instance/org.eclipse.ui.workbench/org.eclipse.ui.workbench.ACTIVE_TAB_TEXT_COLOR = 0,0,0
[2022-05-26 02:04:33] Performing Preference /instance/org.eclipse.ui.workbench/org.eclipse.ui.workbench.HOVER_BACKGROUND = 236,235,236
[2022-05-26 02:04:33] Performing Preference /instance/org.eclipse.ui.workbench/org.eclipse.ui.workbench.HOVER_FOREGROUND = 0,0,0
[2022-05-26 02:04:33] Performing Preference /instance/org.eclipse.ui.workbench/org.eclipse.ui.workbench.INACTIVE_TAB_TEXT_COLOR = 255,255,255
[2022-05-26 02:04:33] Performing Preference /instance/org.eclipse.ui.workbench/org.eclipse.ui.workbench.INFORMATION_BACKGROUND = 236,235,236
[2022-05-26 02:04:33] Performing Preference /instance/org.eclipse.ui.workbench/org.eclipse.ui.workbench.INFORMATION_FOREGROUND = 0,0,0
[2022-05-26 02:04:33] Performing Preference /instance/org.eclipse.ui.workbench/OUTGOING_COLOR = 0,0,0
[2022-05-26 02:04:33] Performing Preference /instance/org.eclipse.ui.workbench/RESOLVED_COLOR = 0,255,0
[2022-05-26 02:04:33] 
[2022-05-26 02:08:35] Executing startup tasks
[2022-05-26 02:08:35] Java(TM) SE Runtime Environment 18+36-2087
[2022-05-26 02:08:35] Product self.product.version
[2022-05-26 02:08:35] Workspace /Users/gris/eclipse-workspace/runtime-EclipseXtext
[2022-05-26 02:08:35] Bundle org.eclipse.oomph.setup 1.18.0.v20200820-0414, build=4919, branch=f78238ba11ce04fb6bb89f0cb98f4dd759377d1d
[2022-05-26 02:08:35] Bundle org.eclipse.oomph.setup.core 1.18.0.v20200624-1156, build=4919, branch=f78238ba11ce04fb6bb89f0cb98f4dd759377d1d
[2022-05-26 02:08:35] Bundle org.eclipse.oomph.setup.p2 1.16.0.v20200814-1205, build=4919, branch=f78238ba11ce04fb6bb89f0cb98f4dd759377d1d
[2022-05-26 02:08:35] Performing Preference /instance/org.eclipse.e4.ui.css.swt.theme/themeid = org.eclipse.e4.ui.css.theme.e4_classic
[2022-05-26 02:08:35] Performing Preference /instance/org.eclipse.ui.editors/hyperlinkColor = 65,156,255
[2022-05-26 02:08:35] Performing Preference /instance/org.eclipse.ui.workbench/org.eclipse.ui.r30.org.eclipse.ui.workbench.ACTIVE_NOFOCUS_TAB_BG_END = 41,41,41
[2022-05-26 02:08:35] Performing Preference /instance/org.eclipse.ui.workbench/org.eclipse.ui.r30.org.eclipse.ui.workbench.ACTIVE_NOFOCUS_TAB_BG_START = 43,44,45
[2022-05-26 02:08:35] Performing Preference /instance/org.eclipse.ui.workbench/org.eclipse.ui.r30.org.eclipse.ui.workbench.ACTIVE_NOFOCUS_TAB_TEXT_COLOR = 204,204,204
[2022-05-26 02:08:35] Performing Preference /instance/org.eclipse.ui.workbench/org.eclipse.ui.r30.org.eclipse.ui.workbench.ACTIVE_TAB_BG_END = 41,41,41
[2022-05-26 02:08:35] Performing Preference /instance/org.eclipse.ui.workbench/org.eclipse.ui.r30.org.eclipse.ui.workbench.ACTIVE_TAB_BG_START = 43,44,45
[2022-05-26 02:08:35] Performing Preference /instance/org.eclipse.ui.workbench/org.eclipse.ui.r30.org.eclipse.ui.workbench.ACTIVE_TAB_INNER_KEYLINE_COLOR = 75,76,79
[2022-05-26 02:08:35] Performing Preference /instance/org.eclipse.ui.workbench/org.eclipse.ui.r30.org.eclipse.ui.workbench.ACTIVE_TAB_OUTER_KEYLINE_COLOR = 75,76,79
[2022-05-26 02:08:35] Performing Preference /instance/org.eclipse.ui.workbench/org.eclipse.ui.r30.org.eclipse.ui.workbench.ACTIVE_TAB_OUTLINE_COLOR = 75,76,79
[2022-05-26 02:08:35] Performing Preference /instance/org.eclipse.ui.workbench/org.eclipse.ui.r30.org.eclipse.ui.workbench.ACTIVE_TAB_TEXT_COLOR = 221,221,221
[2022-05-26 02:08:35] Performing Preference /instance/org.eclipse.ui.workbench/org.eclipse.ui.r30.org.eclipse.ui.workbench.ACTIVE_UNSELECTED_TABS_COLOR_END = 64,64,67
[2022-05-26 02:08:35] Performing Preference /instance/org.eclipse.ui.workbench/org.eclipse.ui.r30.org.eclipse.ui.workbench.ACTIVE_UNSELECTED_TABS_COLOR_START = 73,74,77
[2022-05-26 02:08:35] Performing Preference /instance/org.eclipse.ui.workbench/org.eclipse.ui.r30.org.eclipse.ui.workbench.INACTIVE_TAB_BG_END = 49,53,56
[2022-05-26 02:08:35] Performing Preference /instance/org.eclipse.ui.workbench/org.eclipse.ui.r30.org.eclipse.ui.workbench.INACTIVE_TAB_BG_START = 59,64,66
[2022-05-26 02:08:35] Performing Preference /instance/org.eclipse.ui.workbench/org.eclipse.ui.r30.org.eclipse.ui.workbench.INACTIVE_TAB_INNER_KEYLINE_COLOR = 81,86,88
[2022-05-26 02:08:35] Performing Preference /instance/org.eclipse.ui.workbench/org.eclipse.ui.r30.org.eclipse.ui.workbench.INACTIVE_TAB_OUTER_KEYLINE_COLOR = 81,86,88
[2022-05-26 02:08:35] Performing Preference /instance/org.eclipse.ui.workbench/org.eclipse.ui.r30.org.eclipse.ui.workbench.INACTIVE_TAB_OUTLINE_COLOR = 59,64,66
[2022-05-26 02:08:35] Performing Preference /instance/org.eclipse.ui.workbench/org.eclipse.ui.r30.org.eclipse.ui.workbench.INACTIVE_TAB_TEXT_COLOR = 187,187,187
[2022-05-26 02:08:35] Performing Preference /instance/org.eclipse.ui.workbench/org.eclipse.ui.r30.org.eclipse.ui.workbench.INACTIVE_UNSELECTED_TABS_COLOR_END = 70,70,73
[2022-05-26 02:08:35] Performing Preference /instance/org.eclipse.ui.workbench/org.eclipse.ui.r30.org.eclipse.ui.workbench.INACTIVE_UNSELECTED_TABS_COLOR_START = 81,86,88
[2022-05-26 02:08:35] Performing Preference /instance/org.eclipse.ui.workbench/org.eclipse.ui.workbench.ACTIVE_NOFOCUS_TAB_BG_END = 70,70,70
[2022-05-26 02:08:35] Performing Preference /instance/org.eclipse.ui.workbench/org.eclipse.ui.workbench.ACTIVE_NOFOCUS_TAB_BG_START = 144,144,144
[2022-05-26 02:08:35] Performing Preference /instance/org.eclipse.ui.workbench/org.eclipse.ui.workbench.ACTIVE_NOFOCUS_TAB_TEXT_COLOR = 255,255,255
[2022-05-26 02:08:35] Performing Preference /instance/org.eclipse.ui.workbench/org.eclipse.ui.workbench.ACTIVE_TAB_BG_END = 153,188,236
[2022-05-26 02:08:35] Performing Preference /instance/org.eclipse.ui.workbench/org.eclipse.ui.workbench.ACTIVE_TAB_BG_START = 229,238,250
[2022-05-26 02:08:35] Performing Preference /instance/org.eclipse.ui.workbench/org.eclipse.ui.workbench.INACTIVE_TAB_BG_END = 50,50,50
[2022-05-26 02:08:35] Performing Preference /instance/org.eclipse.ui.workbench/org.eclipse.ui.workbench.INACTIVE_TAB_BG_START = 50,50,50
[2022-05-26 02:08:35] 
[2022-05-27 20:58:45] Executing startup tasks
[2022-05-27 20:58:45] Java(TM) SE Runtime Environment 18+36-2087
[2022-05-27 20:58:45] Product self.product.version
[2022-05-27 20:58:45] Workspace /Users/gris/eclipse-workspace/runtime-EclipseXtext
[2022-05-27 20:58:45] Bundle org.eclipse.oomph.setup 1.18.0.v20200820-0414, build=4919, branch=f78238ba11ce04fb6bb89f0cb98f4dd759377d1d
[2022-05-27 20:58:45] Bundle org.eclipse.oomph.setup.core 1.18.0.v20200624-1156, build=4919, branch=f78238ba11ce04fb6bb89f0cb98f4dd759377d1d
[2022-05-27 20:58:45] Bundle org.eclipse.oomph.setup.p2 1.16.0.v20200814-1205, build=4919, branch=f78238ba11ce04fb6bb89f0cb98f4dd759377d1d
[2022-05-27 20:58:45] Performing Preference /instance/org.eclipse.e4.ui.css.swt.theme/themeid = org.eclipse.e4.ui.css.theme.e4_classic
[2022-05-27 20:58:45] Performing Preference /instance/org.eclipse.ui.workbench/org.eclipse.ui.workbench.ACTIVE_NOFOCUS_TAB_BG_END = 70,70,70
[2022-05-27 20:58:46] Performing Preference /instance/org.eclipse.ui.workbench/org.eclipse.ui.workbench.ACTIVE_NOFOCUS_TAB_BG_START = 144,144,144
[2022-05-27 20:58:46] Performing Preference /instance/org.eclipse.ui.workbench/org.eclipse.ui.workbench.ACTIVE_NOFOCUS_TAB_TEXT_COLOR = 255,255,255
[2022-05-27 20:58:46] Performing Preference /instance/org.eclipse.ui.workbench/org.eclipse.ui.workbench.ACTIVE_TAB_BG_END = 153,188,236
[2022-05-27 20:58:46] Performing Preference /instance/org.eclipse.ui.workbench/org.eclipse.ui.workbench.ACTIVE_TAB_BG_START = 229,238,250
[2022-05-27 20:58:46] Performing Preference /instance/org.eclipse.ui.workbench/org.eclipse.ui.workbench.INACTIVE_TAB_BG_END = 50,50,50
[2022-05-27 20:58:46] Performing Preference /instance/org.eclipse.ui.workbench/org.eclipse.ui.workbench.INACTIVE_TAB_BG_START = 50,50,50
[2022-05-27 20:58:46] 
[2022-06-07 11:50:29] Executing startup tasks
[2022-06-07 11:50:30] Java(TM) SE Runtime Environment 18+36-2087
[2022-06-07 11:50:30] Product self.product.version
[2022-06-07 11:50:30] Workspace /Users/gris/eclipse-workspace/runtime-EclipseXtext
[2022-06-07 11:50:30] Bundle org.eclipse.oomph.setup 1.18.0.v20200820-0414, build=4919, branch=f78238ba11ce04fb6bb89f0cb98f4dd759377d1d
[2022-06-07 11:50:30] Bundle org.eclipse.oomph.setup.core 1.18.0.v20200624-1156, build=4919, branch=f78238ba11ce04fb6bb89f0cb98f4dd759377d1d
[2022-06-07 11:50:30] Bundle org.eclipse.oomph.setup.p2 1.16.0.v20200814-1205, build=4919, branch=f78238ba11ce04fb6bb89f0cb98f4dd759377d1d
[2022-06-07 11:50:30] Performing Preference /instance/org.eclipse.e4.ui.css.swt.theme/themeid = org.eclipse.e4.ui.css.theme.e4_classic
[2022-06-07 11:50:30] Performing Preference /instance/org.eclipse.ui/CURRENT_THEME_ID = org.eclipse.ui.defaultTheme
[2022-06-07 11:50:30] Performing Preference /instance/org.eclipse.ui.workbench/org.eclipse.ui.r30.org.eclipse.ui.workbench.ACTIVE_TAB_INNER_KEYLINE_COLOR = 75,76,79
[2022-06-07 11:50:30] Performing Preference /instance/org.eclipse.ui.workbench/org.eclipse.ui.r30.org.eclipse.ui.workbench.ACTIVE_TAB_OUTER_KEYLINE_COLOR = 75,76,79
[2022-06-07 11:50:30] Performing Preference /instance/org.eclipse.ui.workbench/org.eclipse.ui.r30.org.eclipse.ui.workbench.ACTIVE_TAB_OUTLINE_COLOR = 75,76,79
[2022-06-07 11:50:30] Performing Preference /instance/org.eclipse.ui.workbench/org.eclipse.ui.r30.org.eclipse.ui.workbench.ACTIVE_UNSELECTED_TABS_COLOR_END = 64,64,67
[2022-06-07 11:50:30] Performing Preference /instance/org.eclipse.ui.workbench/org.eclipse.ui.r30.org.eclipse.ui.workbench.ACTIVE_UNSELECTED_TABS_COLOR_START = 73,74,77
[2022-06-07 11:50:30] Performing Preference /instance/org.eclipse.ui.workbench/org.eclipse.ui.r30.org.eclipse.ui.workbench.INACTIVE_TAB_INNER_KEYLINE_COLOR = 81,86,88
[2022-06-07 11:50:30] Performing Preference /instance/org.eclipse.ui.workbench/org.eclipse.ui.r30.org.eclipse.ui.workbench.INACTIVE_TAB_OUTER_KEYLINE_COLOR = 81,86,88
[2022-06-07 11:50:30] Performing Preference /instance/org.eclipse.ui.workbench/org.eclipse.ui.r30.org.eclipse.ui.workbench.INACTIVE_TAB_OUTLINE_COLOR = 59,64,66
[2022-06-07 11:50:30] Performing Preference /instance/org.eclipse.ui.workbench/org.eclipse.ui.r30.org.eclipse.ui.workbench.INACTIVE_UNSELECTED_TABS_COLOR_END = 70,70,73
[2022-06-07 11:50:30] Performing Preference /instance/org.eclipse.ui.workbench/org.eclipse.ui.r30.org.eclipse.ui.workbench.INACTIVE_UNSELECTED_TABS_COLOR_START = 81,86,88
[2022-06-07 11:50:30] 
[2022-07-12 15:26:50] Executing startup tasks
[2022-07-12 15:26:50] Java(TM) SE Runtime Environment 18+36-2087
[2022-07-12 15:26:50] Product self.product.version
[2022-07-12 15:26:51] Workspace /Users/gris/eclipse-workspace/runtime-EclipseXtext
[2022-07-12 15:26:51] Bundle org.eclipse.oomph.setup 1.18.0.v20200820-0414, build=4919, branch=f78238ba11ce04fb6bb89f0cb98f4dd759377d1d
[2022-07-12 15:26:51] Bundle org.eclipse.oomph.setup.core 1.18.0.v20200624-1156, build=4919, branch=f78238ba11ce04fb6bb89f0cb98f4dd759377d1d
[2022-07-12 15:26:51] Bundle org.eclipse.oomph.setup.p2 1.16.0.v20200814-1205, build=4919, branch=f78238ba11ce04fb6bb89f0cb98f4dd759377d1d
[2022-07-12 15:26:51] Performing Preference /instance/org.eclipse.ui.editors/AbstractTextEditor.Color.Background = 255,255,255
[2022-07-12 15:26:51] Performing Preference /instance/org.eclipse.ui.editors/AbstractTextEditor.Color.Background.SystemDefault = true
[2022-07-12 15:26:51] Performing Preference /instance/org.eclipse.ui.editors/AbstractTextEditor.Color.FindScope = 185,176,180
[2022-07-12 15:26:51] Performing Preference /instance/org.eclipse.ui.editors/AbstractTextEditor.Color.Foreground = 0,0,0
[2022-07-12 15:26:51] Performing Preference /instance/org.eclipse.ui.editors/AbstractTextEditor.Color.Foreground.SystemDefault = true
[2022-07-12 15:26:51] Performing Preference /instance/org.eclipse.ui.editors/AbstractTextEditor.Color.SelectionBackground.SystemDefault = true
[2022-07-12 15:26:51] Performing Preference /instance/org.eclipse.ui.editors/AbstractTextEditor.Color.SelectionForeground.SystemDefault = true
[2022-07-12 15:26:51] Performing Preference /instance/org.eclipse.ui.editors/breakpointIndicationColor = 0,0,255
[2022-07-12 15:26:51] Performing Preference /instance/org.eclipse.ui.editors/currentIPColor = 198,219,174
[2022-07-12 15:26:51] Performing Preference /instance/org.eclipse.ui.editors/currentLineColor = 232,242,254
[2022-07-12 15:26:51] Performing Preference /instance/org.eclipse.ui.editors/deletionIndicationColor = 0,0,0
[2022-07-12 15:26:51] Performing Preference /instance/org.eclipse.ui.editors/filteredSearchResultIndicationColor = 237,237,252
[2022-07-12 15:26:51] Performing Preference /instance/org.eclipse.ui.editors/hyperlinkColor.SystemDefault = true
[2022-07-12 15:26:51] Performing Preference /instance/org.eclipse.ui.editors/infoIndicationColor = 130,160,190
[2022-07-12 15:26:51] Performing Preference /instance/org.eclipse.ui.editors/lineNumberColor = 120,120,120
[2022-07-12 15:26:51] Performing Preference /instance/org.eclipse.ui.editors/linked.slave.color = 180,215,255
[2022-07-12 15:26:51] Performing Preference /instance/org.eclipse.ui.editors/occurrenceIndicationColor = 212,212,212
[2022-07-12 15:26:51] Performing Preference /instance/org.eclipse.ui.editors/overrideIndicatorColor = 180,207,205
[2022-07-12 15:26:51] Performing Preference /instance/org.eclipse.ui.editors/printMarginColor = 176,180,185
[2022-07-12 15:26:51] Performing Preference /instance/org.eclipse.ui.editors/searchResultHighlighting = true
[2022-07-12 15:26:51] Performing Preference /instance/org.eclipse.ui.editors/searchResultIndication = false
[2022-07-12 15:26:51] Performing Preference /instance/org.eclipse.ui.editors/searchResultIndicationColor = 206,204,247
[2022-07-12 15:26:51] Performing Preference /instance/org.eclipse.ui.editors/searchResultTextStyle = NONE
[2022-07-12 15:26:51] Performing Preference /instance/org.eclipse.ui.editors/secondaryIPColor = 219,235,204
[2022-07-12 15:26:51] Performing Preference /instance/org.eclipse.ui.editors/spellingIndicationColor = 255,128,64
[2022-07-12 15:26:51] Performing Preference /instance/org.eclipse.ui.editors/TextOccurrenceIndicationColor = 212,212,212
[2022-07-12 15:26:51] Performing Preference /instance/org.eclipse.ui.editors/writeOccurrenceIndicationColor = 240,216,168
[2022-07-12 15:26:51] 
